[2025-06-05T01:20:28.556Z] [START] Socket.IO server running on port 3001
[2025-06-05T01:24:34.418Z] [START] Secure Socket.IO server running on port 3001
[2025-06-05T01:26:21.582Z] [CONNECT] a@a (ID: dGG2DoZ7ZbYPh94FAAAB)
[2025-06-05T01:26:27.694Z] [INVITE] a@a invited s
[2025-06-05T01:26:27.694Z] [INVITE FAIL] s not found
[2025-06-05T01:31:52.244Z] [CONNECT] s@s (ID: 6GH7Kpv9633O93PYAAAD)
[2025-06-05T01:32:01.383Z] [INVITE] s@s invited a@a
[2025-06-05T01:32:07.505Z] [ROOM] a@a and s@s joined room a@a-s@s
[2025-06-05T01:32:18.878Z] [DISCONNECT] a@a (ID: dGG2DoZ7ZbYPh94FAAAB)
[2025-06-05T01:32:28.071Z] [DISCONNECT] s@s (ID: 6GH7Kpv9633O93PYAAAD)
[2025-06-05T01:33:58.976Z] [CONNECT] a@a (ID: tPpmPgdQtJ1VBGw7AAAF)
[2025-06-05T01:34:00.332Z] [DISCONNECT] a@a (ID: tPpmPgdQtJ1VBGw7AAAF)
[2025-06-05T01:34:00.511Z] [CONNECT] a@a (ID: hd0XBxW8nwTjueFvAAAH)
[2025-06-05T01:34:04.196Z] [CONNECT] s@s (ID: e8sTGYBv8HC1UIbjAAAJ)
[2025-06-05T01:34:06.911Z] [INVITE] s@s invited a@a
[2025-06-05T01:34:08.291Z] [ROOM] a@a and s@s joined room a@a-s@s
[2025-06-05T01:38:01.413Z] [DISCONNECT] a@a (ID: hd0XBxW8nwTjueFvAAAH)
[2025-06-05T01:38:20.163Z] [CONNECT] a@a (ID: X79VMOxIDllDNB4JAAAL)
[2025-06-05T01:38:24.977Z] [INVITE] a@a invited s@s
[2025-06-05T01:38:29.810Z] [ROOM] s@s and a@a joined room s@s-a@a
[2025-06-05T01:40:17.022Z] [DISCONNECT] s@s (ID: e8sTGYBv8HC1UIbjAAAJ)
[2025-06-05T01:42:52.103Z] [START] Secure Socket.IO server running on port 3001
[2025-06-05T01:42:53.210Z] [CONNECT] a@a (ID: fBbMj11mHpJcVl_9AAAB)
[2025-06-05T01:44:15.107Z] [DISCONNECT] a@a (ID: fBbMj11mHpJcVl_9AAAB)
[2025-06-05T01:44:15.541Z] [CONNECT] a@a (ID: UobKvhTgexpMgPtuAAAD)
[2025-06-05T01:44:18.066Z] [DISCONNECT] a@a (ID: UobKvhTgexpMgPtuAAAD)
[2025-06-05T01:44:18.285Z] [CONNECT] a@a (ID: lvx2-gCFC2fPEIGrAAAF)
[2025-06-05T01:44:20.882Z] [INVITE] a@a invited s@s
[2025-06-05T01:44:20.883Z] [INVITE FAIL] s@s not found
[2025-06-05T01:44:24.883Z] [DISCONNECT] a@a (ID: lvx2-gCFC2fPEIGrAAAF)
[2025-06-05T01:44:25.413Z] [CONNECT] a@a (ID: JsyPKAIy7P5rSTv0AAAH)
[2025-06-05T01:44:31.639Z] [START] Secure Socket.IO server running on port 3001
[2025-06-05T01:44:32.606Z] [CONNECT] a@a (ID: eD9oAX4A2TmPr4QoAAAB)
[2025-06-05T01:44:34.450Z] [DISCONNECT] a@a (ID: eD9oAX4A2TmPr4QoAAAB)
[2025-06-05T01:44:34.706Z] [CONNECT] a@a (ID: IRWcWh8m2Dy81NoZAAAD)
[2025-06-05T01:44:36.493Z] [DISCONNECT] a@a (ID: IRWcWh8m2Dy81NoZAAAD)
[2025-06-05T01:44:36.649Z] [CONNECT] a@a (ID: nWTPFbJPzo-KEjefAAAF)
[2025-06-05T01:44:37.470Z] [DISCONNECT] a@a (ID: nWTPFbJPzo-KEjefAAAF)
[2025-06-05T01:44:37.834Z] [CONNECT] a@a (ID: AhOHQC8Sgz_XHzltAAAH)
[2025-06-05T01:44:38.596Z] [INVITE] a@a invited s@s
[2025-06-05T01:44:38.597Z] [INVITE FAIL] s@s not found
[2025-06-05T01:44:43.792Z] [DISCONNECT] a@a (ID: AhOHQC8Sgz_XHzltAAAH)
[2025-06-05T01:44:44.474Z] [CONNECT] a@a (ID: OLsqmivuPmdVl6C-AAAJ)
[2025-06-05T01:44:51.021Z] [CONNECT] s@s (ID: Gky0Dl30cmXpWGPFAAAL)
[2025-06-05T01:44:51.754Z] [DISCONNECT] s@s (ID: Gky0Dl30cmXpWGPFAAAL)
[2025-06-05T01:44:52.143Z] [CONNECT] s@s (ID: dSx1hEFjoCWMIyWeAAAN)
[2025-06-05T01:45:01.328Z] [INVITE] s@s invited a@a
[2025-06-05T01:45:04.435Z] [DISCONNECT] a@a (ID: OLsqmivuPmdVl6C-AAAJ)
[2025-06-05T01:45:04.757Z] [CONNECT] a@a (ID: 7FCs4oESD1aEEupIAAAP)
[2025-06-05T01:45:06.071Z] [INVITE] a@a invited s@s
[2025-06-05T01:45:08.807Z] [ROOM] s@s and a@a joined room s@s-a@a
[2025-06-05T01:48:25.391Z] [START] Secure Socket.IO server running on port 3001
[2025-06-05T01:48:25.876Z] [CONNECT] a@a (ID: mxt2Yfu6fQy-pPkJAAAB)
[2025-06-05T01:48:39.575Z] [CONNECT] s@s (ID: F3FDBjdAHZAeu7GGAAAD)
[2025-06-05T01:49:06.265Z] [START] Secure Socket.IO server running on port 3001
[2025-06-05T01:49:06.876Z] [CONNECT] a@a (ID: eGsjTNH6zG45c9PKAAAB)
[2025-06-05T01:49:15.481Z] [DISCONNECT] a@a (ID: eGsjTNH6zG45c9PKAAAB)
[2025-06-05T01:49:15.897Z] [CONNECT] a@a (ID: 6Upx_fWIIaYtqbtFAAAD)
[2025-06-05T01:49:18.006Z] [INVITE] a@a invited s@s
[2025-06-05T01:49:18.006Z] [INVITE FAIL] s@s not found
[2025-06-05T01:49:20.256Z] [CONNECT] s@s (ID: dsd3lDYmd9PzhgBLAAAF)
[2025-06-05T01:49:24.903Z] [DISCONNECT] s@s (ID: dsd3lDYmd9PzhgBLAAAF)
[2025-06-05T01:49:25.813Z] [CONNECT] s@s (ID: I8WdN8cQEjt7CZbPAAAH)
[2025-06-05T01:49:28.779Z] [INVITE] s@s invited a@a
[2025-06-05T01:49:30.916Z] [ROOM] a@a and s@s joined room a@a-s@s
[2025-06-05T01:49:34.080Z] [INVITE] a@a invited s@s
[2025-06-05T01:49:35.201Z] [ROOM] s@s and a@a joined room s@s-a@a
[2025-06-05T01:49:44.788Z] [DISCONNECT] s@s (ID: I8WdN8cQEjt7CZbPAAAH)
[2025-06-05T01:49:47.444Z] [CONNECT] s@s (ID: H6BcjA08pNthEsDxAAAJ)
[2025-06-05T01:49:58.812Z] [DISCONNECT] a@a (ID: 6Upx_fWIIaYtqbtFAAAD)
[2025-06-05T01:49:59.830Z] [CONNECT] a@a (ID: gx6C3CEUr6hVSt0eAAAL)
[2025-06-05T01:50:02.260Z] [INVITE] s@s invited a@a
[2025-06-05T01:50:05.233Z] [DISCONNECT] a@a (ID: gx6C3CEUr6hVSt0eAAAL)
[2025-06-05T01:50:05.746Z] [CONNECT] a@a (ID: 6tIvYZK5ccnCvsr1AAAN)
[2025-06-05T01:52:31.296Z] [DISCONNECT] a@a (ID: 6tIvYZK5ccnCvsr1AAAN)
[2025-06-05T01:52:32.442Z] [CONNECT] a@a (ID: Q6DqYavdRzRPwbA0AAAP)
[2025-06-05T01:52:34.937Z] [DISCONNECT] a@a (ID: Q6DqYavdRzRPwbA0AAAP)
[2025-06-05T01:52:35.237Z] [CONNECT] a@a (ID: oNLpmi1OO1wUvVwOAAAR)
[2025-06-05T01:52:37.972Z] [INVITE] a@a invited s@s
[2025-06-05T01:52:41.058Z] [ROOM] s@s and a@a joined room s@s-a@a
[2025-06-05T01:52:43.532Z] [DISCONNECT] s@s (ID: H6BcjA08pNthEsDxAAAJ)
[2025-06-05T01:52:43.963Z] [CONNECT] s@s (ID: tSQObyqGUEDs2N6AAAAT)
[2025-06-05T01:52:45.813Z] [DISCONNECT] s@s (ID: tSQObyqGUEDs2N6AAAAT)
[2025-06-05T01:52:46.057Z] [CONNECT] s@s (ID: FfWsNx1T3WSApeT0AAAV)
[2025-06-05T01:52:48.556Z] [INVITE] s@s invited a@a
[2025-06-05T01:52:49.850Z] [ROOM] a@a and s@s joined room a@a-s@s
[2025-06-05T01:55:40.713Z] [DISCONNECT] a@a (ID: oNLpmi1OO1wUvVwOAAAR)
[2025-06-05T01:55:41.377Z] [CONNECT] a@a (ID: fJq7E4YGd_id8zWdAAAX)
[2025-06-05T01:55:49.320Z] [INVITE] a@a invited s@s
[2025-06-05T01:55:55.142Z] [ROOM] s@s and a@a joined room s@s-a@a
[2025-06-05T01:56:09.761Z] [DISCONNECT] s@s (ID: FfWsNx1T3WSApeT0AAAV)
[2025-06-05T01:56:11.839Z] [CONNECT] s@s (ID: zeUFtH0tqsLi2hzsAAAZ)
[2025-06-05T01:56:19.716Z] [DISCONNECT] s@s (ID: zeUFtH0tqsLi2hzsAAAZ)
[2025-06-05T01:56:44.888Z] [CONNECT] s@s (ID: n9rmin7sFKgLlAyBAAAb)
[2025-06-05T01:57:31.527Z] [DISCONNECT] a@a (ID: fJq7E4YGd_id8zWdAAAX)
[2025-06-05T01:57:32.258Z] [CONNECT] a@a (ID: 6c07rxF-97X5n7htAAAd)
[2025-06-05T01:59:12.836Z] [DISCONNECT] a@a (ID: 6c07rxF-97X5n7htAAAd)
[2025-06-05T01:59:13.388Z] [CONNECT] a@a (ID: 4AKp5K11jrFsrE-4AAAf)
[2025-06-05T01:59:40.196Z] [DISCONNECT] a@a (ID: 4AKp5K11jrFsrE-4AAAf)
[2025-06-05T01:59:41.010Z] [CONNECT] a@a (ID: S8Pq87tSXiIGlvCgAAAh)
[2025-06-05T01:59:54.517Z] [START] Secure Socket.IO server running on port 3001
[2025-06-05T01:59:54.844Z] [CONNECT] a@a (ID: C2tK32ftUcvH-P_QAAAB)
[2025-06-05T01:59:57.106Z] [DISCONNECT] a@a (ID: C2tK32ftUcvH-P_QAAAB)
[2025-06-05T01:59:57.277Z] [CONNECT] a@a (ID: zxDhq0ulzsavcpRzAAAD)
[2025-06-05T02:00:00.764Z] [INVITE] a@a invited s@s
[2025-06-05T02:00:00.765Z] [INVITE FAIL] s@s not found
[2025-06-05T02:00:02.808Z] [CONNECT] s@s (ID: H9bM7Iqv3sCSIlkUAAAF)
[2025-06-05T02:00:05.732Z] [DISCONNECT] s@s (ID: H9bM7Iqv3sCSIlkUAAAF)
[2025-06-05T02:00:06.108Z] [CONNECT] s@s (ID: qvu2oKzj12r1qyBYAAAH)
[2025-06-05T02:00:09.186Z] [INVITE] s@s invited a@a
[2025-06-05T02:00:10.336Z] [ROOM] a@a and s@s joined room a@a-s@s
[2025-06-05T02:00:19.540Z] [DISCONNECT] a@a (ID: zxDhq0ulzsavcpRzAAAD)
[2025-06-05T02:00:19.949Z] [CONNECT] a@a (ID: jIQUsEFolanL06OOAAAJ)
[2025-06-05T02:03:19.497Z] [DISCONNECT] s@s (ID: qvu2oKzj12r1qyBYAAAH)
[2025-06-05T02:03:21.383Z] [CONNECT] s@s (ID: 3W97aDLVuU4QyexqAAAL)
[2025-06-05T02:03:31.101Z] [DISCONNECT] a@a (ID: jIQUsEFolanL06OOAAAJ)
[2025-06-05T02:03:31.581Z] [CONNECT] a@a (ID: tpf10qADYZKLJgKdAAAN)
[2025-06-05T02:03:34.060Z] [INVITE] s@s invited a@a
[2025-06-05T02:03:36.227Z] [DISCONNECT] a@a (ID: tpf10qADYZKLJgKdAAAN)
[2025-06-05T02:03:36.409Z] [CONNECT] a@a (ID: IB7wHQlZqWczn6_uAAAP)
[2025-06-05T02:03:37.671Z] [DISCONNECT] a@a (ID: IB7wHQlZqWczn6_uAAAP)
[2025-06-05T02:03:37.807Z] [CONNECT] a@a (ID: lbuPYktQ4HrvT36AAAAR)
[2025-06-05T02:03:39.185Z] [INVITE] a@a invited s@s
[2025-06-05T02:03:40.522Z] [ROOM] s@s and a@a joined room s@s-a@a
[2025-06-05T02:04:39.590Z] [CONNECT] a@a (ID: kgCBwDbAgKcvSQdmAAAT)
[2025-06-05T02:05:02.050Z] [START] Secure Socket.IO server running on port 3001
[2025-06-05T02:05:02.301Z] [CONNECT] s@s (ID: kIOt3RwW9nIUmP1HAAAD)
[2025-06-05T02:05:02.384Z] [CONNECT] a@a (ID: JXPe6hoekf1k-ADcAAAE)
[2025-06-05T02:05:02.430Z] [CONNECT] a@a (ID: gpfxeMPBr6v6ajT1AAAF)
[2025-06-05T02:07:26.960Z] [START] Secure Socket.IO server running on port 3001
[2025-06-05T02:07:31.712Z] [CONNECT] a@a (ID: oaIZmJdU24Ic1lw4AAAB)
[2025-06-05T02:07:35.337Z] [CONNECT] s@s (ID: x0RNHlIH305VO1ItAAAD)
[2025-06-05T02:07:39.939Z] [DISCONNECT] a@a (ID: oaIZmJdU24Ic1lw4AAAB)
[2025-06-05T02:07:40.392Z] [CONNECT] a@a (ID: fUgiR_u0Oiojdb2RAAAF)
[2025-06-05T02:07:41.956Z] [DISCONNECT] a@a (ID: fUgiR_u0Oiojdb2RAAAF)
[2025-06-05T02:07:43.177Z] [CONNECT] a@a (ID: mcajK-gVF94HoaTrAAAH)
[2025-06-05T02:07:45.597Z] [CONNECT] a@a (ID: 5TgkBBw-q_Oyv7syAAAJ)
[2025-06-05T02:07:48.298Z] [ROOM] s@s and a@a joined room s@s-a@a
[2025-06-05T02:07:54.731Z] [DISCONNECT] a@a (ID: mcajK-gVF94HoaTrAAAH)
[2025-06-05T02:07:55.129Z] [CONNECT] a@a (ID: Iv-rIlzPkQkAhAcCAAAL)
[2025-06-05T02:08:33.068Z] [START] Secure Socket.IO server running on port 3001
[2025-06-05T02:08:33.427Z] [CONNECT] a@a (ID: 20Txq0cebCTyJ_67AAAC)
[2025-06-05T02:08:33.482Z] [CONNECT] a@a (ID: 6W0Tlq86aT6gE-M4AAAD)
[2025-06-05T02:08:33.486Z] [GET INVITES] a@a requested active invites
[2025-06-05T02:08:34.994Z] [CONNECT] s@s (ID: CNzvpDpRv4vgsQkjAAAF)
[2025-06-05T02:08:42.335Z] [DISCONNECT] a@a (ID: 20Txq0cebCTyJ_67AAAC)
[2025-06-05T02:08:42.521Z] [CONNECT] a@a (ID: TYcR2ALLzSK02jtoAAAH)
[2025-06-05T02:08:42.569Z] [GET INVITES] a@a requested active invites
[2025-06-05T02:08:45.997Z] [DISCONNECT] a@a (ID: TYcR2ALLzSK02jtoAAAH)
[2025-06-05T02:08:46.185Z] [CONNECT] a@a (ID: Pnm0SDQdoEKLEFlCAAAJ)
[2025-06-05T02:08:46.237Z] [GET INVITES] a@a requested active invites
[2025-06-05T02:08:47.566Z] [ROOM] a@a and s@s joined room a@a-s@s
[2025-06-05T02:08:49.048Z] [DISCONNECT] a@a (ID: Pnm0SDQdoEKLEFlCAAAJ)
[2025-06-05T02:08:49.261Z] [CONNECT] a@a (ID: xYRmhaA7mD1S8sIPAAAL)
[2025-06-05T02:08:54.432Z] [ROOM] a@a and s@s joined room a@a-s@s
[2025-06-05T02:09:25.082Z] [DISCONNECT] s@s (ID: CNzvpDpRv4vgsQkjAAAF)
[2025-06-05T02:09:29.899Z] [CONNECT] s@s (ID: -FSo4_o9py1ArCtSAAAN)
[2025-06-05T02:09:29.981Z] [GET INVITES] s@s requested active invites
[2025-06-05T02:09:40.897Z] [DISCONNECT] s@s (ID: -FSo4_o9py1ArCtSAAAN)
[2025-06-05T02:09:41.280Z] [CONNECT] s@s (ID: R9dBPQgssv7XKi2PAAAP)
[2025-06-05T02:09:41.373Z] [GET INVITES] s@s requested active invites
[2025-06-05T02:09:42.705Z] [ROOM] s@s and a@a joined room s@s-a@a
[2025-06-05T02:09:45.103Z] [DISCONNECT] s@s (ID: R9dBPQgssv7XKi2PAAAP)
[2025-06-05T02:09:45.272Z] [CONNECT] s@s (ID: TIPeareeqhQDROwrAAAR)
[2025-06-05T02:09:50.435Z] [DISCONNECT] s@s (ID: TIPeareeqhQDROwrAAAR)
[2025-06-05T02:09:50.760Z] [CONNECT] s@s (ID: NlFwPt3hEJij_qEDAAAT)
[2025-06-05T02:09:55.689Z] [DISCONNECT] s@s (ID: NlFwPt3hEJij_qEDAAAT)
[2025-06-05T02:09:55.956Z] [CONNECT] s@s (ID: aE7BA_pnWCjyAkqRAAAV)
[2025-06-05T02:09:58.644Z] [DISCONNECT] a@a (ID: xYRmhaA7mD1S8sIPAAAL)
[2025-06-05T02:09:59.036Z] [CONNECT] a@a (ID: C31ngHjCUt2vWa_KAAAX)
[2025-06-05T02:11:03.653Z] [DISCONNECT] a@a (ID: 6W0Tlq86aT6gE-M4AAAD)
[2025-06-05T02:11:04.049Z] [CONNECT] a@a (ID: zNlTtKwraCqonwSVAAAZ)
[2025-06-05T02:11:07.892Z] [ROOM] s@s and a@a joined room s@s-a@a
[2025-06-05T02:11:22.715Z] [DISCONNECT] s@s (ID: aE7BA_pnWCjyAkqRAAAV)
[2025-06-05T02:11:23.053Z] [CONNECT] s@s (ID: HX03FGWppbq_nfLBAAAb)
[2025-06-05T02:11:28.420Z] [ROOM] a@a and s@s joined room a@a-s@s
[2025-06-05T02:15:31.065Z] [START] Secure Socket.IO server running on port 3001
[2025-06-05T02:15:31.615Z] [CONNECT] a@a (ID: QMiAUX_JP8OUZwWYAAAC)
[2025-06-05T02:15:31.623Z] [CONNECT] a@a (ID: Nb7FmZxrJaX4FVWMAAAD)
[2025-06-05T02:15:33.916Z] [CONNECT] s@s (ID: qjmV0IzqITqHITYFAAAF)
[2025-06-05T02:15:35.938Z] [DISCONNECT] a@a (ID: QMiAUX_JP8OUZwWYAAAC)
[2025-06-05T02:15:36.142Z] [CONNECT] a@a (ID: 7aSzWVW-VnplDymOAAAH)
[2025-06-05T02:15:42.146Z] [DISCONNECT] a@a (ID: 7aSzWVW-VnplDymOAAAH)
[2025-06-05T02:15:42.371Z] [CONNECT] a@a (ID: PzIgYK8rlyFCCnuEAAAJ)
[2025-06-05T02:15:46.397Z] [DISCONNECT] a@a (ID: PzIgYK8rlyFCCnuEAAAJ)
[2025-06-05T02:15:46.586Z] [CONNECT] a@a (ID: HHukGVQe8V4iNsm7AAAL)
[2025-06-05T02:15:50.520Z] [ROOM] s@s and a@a joined room s@s-a@a
[2025-06-05T02:16:46.549Z] [DISCONNECT] a@a (ID: HHukGVQe8V4iNsm7AAAL)
[2025-06-05T02:17:39.133Z] [CONNECT] a@a (ID: JynT9vkw64-pBkcIAAAN)
[2025-06-05T02:17:40.690Z] [DISCONNECT] a@a (ID: JynT9vkw64-pBkcIAAAN)
[2025-06-05T02:19:17.848Z] [DISCONNECT] a@a (ID: Nb7FmZxrJaX4FVWMAAAD)
[2025-06-05T02:19:18.701Z] [CONNECT] a@a (ID: zc8VaM8dCQUIv_EiAAAP)
[2025-06-05T02:19:45.257Z] [DISCONNECT] a@a (ID: zc8VaM8dCQUIv_EiAAAP)
[2025-06-05T02:19:45.929Z] [CONNECT] a@a (ID: 3gbRkL5aSD39tvn7AAAR)
[2025-06-05T02:19:51.190Z] [DISCONNECT] a@a (ID: 3gbRkL5aSD39tvn7AAAR)
[2025-06-05T02:19:51.613Z] [CONNECT] a@a (ID: Y6QwusPjfgMZiItSAAAT)
[2025-06-05T02:19:57.369Z] [ROOM] s@s and a@a joined room s@s-a@a
[2025-06-05T02:21:17.753Z] [CONNECT] a@a (ID: TyBJZKg0xcVHf-NyAAAV)
[2025-06-05T02:22:23.630Z] [DISCONNECT] a@a (ID: TyBJZKg0xcVHf-NyAAAV)
[2025-06-05T02:23:10.154Z] [CONNECT] a@a (ID: 6WAoiE7bOFuP5aUzAAAX)
[2025-06-05T02:23:39.723Z] [DISCONNECT] a@a (ID: 6WAoiE7bOFuP5aUzAAAX)
[2025-06-05T02:23:51.457Z] [CONNECT] a@a (ID: QO-0x40Cm5i1wdAHAAAZ)
[2025-06-05T02:24:41.347Z] [DISCONNECT] a@a (ID: QO-0x40Cm5i1wdAHAAAZ)
[2025-06-05T02:26:38.632Z] [CONNECT] a@a (ID: 3QzrIZ3g67D2hhgSAAAb)
[2025-06-05T02:27:12.645Z] [DISCONNECT] s@s (ID: qjmV0IzqITqHITYFAAAF)
[2025-06-05T02:27:33.397Z] [DISCONNECT] a@a (ID: 3QzrIZ3g67D2hhgSAAAb)
[2025-06-05T02:27:45.452Z] [CONNECT] s@s (ID: lAac2effVVzxSNUdAAAd)
[2025-06-05T02:27:55.831Z] [DISCONNECT] s@s (ID: lAac2effVVzxSNUdAAAd)
[2025-06-05T02:28:57.903Z] [DISCONNECT] a@a (ID: Y6QwusPjfgMZiItSAAAT)
[2025-06-05T02:28:58.376Z] [CONNECT] a@a (ID: nAhAvjDw7Sncu3kaAAAf)
[2025-06-05T02:29:17.745Z] [DISCONNECT] a@a (ID: nAhAvjDw7Sncu3kaAAAf)
[2025-06-05T02:29:45.112Z] [CONNECT] a@a (ID: W3bZgfRemeUwH5_LAAAh)
[2025-06-05T02:30:10.338Z] [DISCONNECT] a@a (ID: W3bZgfRemeUwH5_LAAAh)
[2025-06-05T02:30:10.746Z] [CONNECT] a@a (ID: Rq-0W4DyKdgkE-_nAAAj)
[2025-06-05T02:31:59.022Z] [CONNECT] s@s (ID: KT0AvOXph60dniE-AAAl)
[2025-06-05T02:32:07.609Z] [ROOM] a@a and s@s joined room a@a-s@s
[2025-06-05T02:32:46.268Z] [DISCONNECT] s@s (ID: KT0AvOXph60dniE-AAAl)
[2025-06-05T02:32:46.632Z] [CONNECT] s@s (ID: A6VrRjlSv9_ByyqxAAAn)
[2025-06-05T02:32:52.720Z] [DISCONNECT] s@s (ID: A6VrRjlSv9_ByyqxAAAn)
[2025-06-05T02:32:58.661Z] [CONNECT] s@s (ID: KGmnwjfv3W740TmxAAAp)
[2025-06-05T02:34:30.699Z] [DISCONNECT] a@a (ID: Rq-0W4DyKdgkE-_nAAAj)
[2025-06-05T02:34:31.127Z] [CONNECT] a@a (ID: JDkE8_0ivbW0ixnbAAAr)
[2025-06-05T02:34:34.928Z] [DISCONNECT] s@s (ID: KGmnwjfv3W740TmxAAAp)
[2025-06-05T02:34:35.300Z] [CONNECT] s@s (ID: s4MCUDB8HaGEkQ9oAAAt)
[2025-06-05T02:36:50.482Z] [DISCONNECT] a@a (ID: JDkE8_0ivbW0ixnbAAAr)
[2025-06-05T02:37:00.067Z] [START] Secure Socket.IO server running on port 3001
[2025-06-05T02:37:11.650Z] [CONNECT] s@s (ID: -yIucRjOT9njfJzFAAAB)
[2025-06-05T02:37:12.342Z] [DISCONNECT] s@s (ID: -yIucRjOT9njfJzFAAAB)
[2025-06-05T02:42:28.089Z] [START] Secure Socket.IO server running on port 3001
[2025-06-05T02:58:49.935Z] [CONNECT] a@a (ID: y6f2w8QQU8pXiacnAAAB)
[2025-06-05T02:59:02.904Z] [CONNECT] s@s (ID: QeNq4i3F0fWZGqLVAAAD)
[2025-06-05T02:59:06.043Z] [ROOM] s@s and a@a joined room s@s-a@a
[2025-06-05T02:59:54.206Z] [CONNECT] a@a (ID: rZyCwaWm9W9yzqcMAAAF)
[2025-06-05T03:00:01.057Z] [DISCONNECT] a@a (ID: rZyCwaWm9W9yzqcMAAAF)
[2025-06-05T03:00:01.367Z] [CONNECT] a@a (ID: 83XB01nyzdCQqWV3AAAH)
[2025-06-05T03:00:11.339Z] [DISCONNECT] s@s (ID: QeNq4i3F0fWZGqLVAAAD)
[2025-06-05T03:00:11.812Z] [CONNECT] s@s (ID: CpjH9-uu2TTOoMztAAAJ)
[2025-06-05T03:00:45.304Z] [DISCONNECT] s@s (ID: CpjH9-uu2TTOoMztAAAJ)
[2025-06-05T03:00:45.574Z] [CONNECT] s@s (ID: 5z_CwZjcBfRZLWnhAAAL)
[2025-06-05T03:01:28.579Z] [START] Secure Socket.IO server running on port 3001
[2025-06-05T03:01:29.025Z] [CONNECT] a@a (ID: IW12rja4Ey7e18LvAAAC)
[2025-06-05T03:01:29.033Z] [CONNECT] a@a (ID: N6Opj-mdUI8vcHgjAAAD)
[2025-06-05T03:01:29.903Z] [CONNECT] s@s (ID: u1xckbT7RZbGM9EEAAAF)
[2025-06-05T03:01:42.744Z] [DISCONNECT] s@s (ID: u1xckbT7RZbGM9EEAAAF)
[2025-06-05T03:01:43.030Z] [CONNECT] s@s (ID: nTJQwCGMQrxVKFC1AAAH)
[2025-06-05T03:01:57.146Z] [ROOM] a@a and s@s joined room a@a-s@s
[2025-06-05T03:03:12.958Z] [START] Secure Socket.IO server running on port 3001
[2025-06-05T03:03:13.258Z] [CONNECT] a@a (ID: ndblqeCFCc9Xw561AAAB)
[2025-06-05T03:03:14.566Z] [CONNECT] a@a (ID: BVxFo2kGb0WNJTT8AAAD)
[2025-06-05T03:03:17.143Z] [CONNECT] s@s (ID: 5-cfAnxAB0A2y8LzAAAF)
[2025-06-05T03:03:21.981Z] [DISCONNECT] a@a (ID: BVxFo2kGb0WNJTT8AAAD)
[2025-06-05T03:03:22.500Z] [CONNECT] a@a (ID: 68py_jcjQm7z9FbyAAAH)
[2025-06-05T03:03:24.998Z] [ROOM] s@s and a@a joined room s@s-a@a
[2025-06-05T03:03:47.629Z] [DISCONNECT] a@a (ID: 68py_jcjQm7z9FbyAAAH)
[2025-06-05T03:03:48.025Z] [CONNECT] a@a (ID: xpYcVpiG0LpsfOLTAAAJ)
[2025-06-05T03:03:51.645Z] [DISCONNECT] s@s (ID: 5-cfAnxAB0A2y8LzAAAF)
[2025-06-05T03:03:51.941Z] [CONNECT] s@s (ID: AZzPLnrwUfJCzEk5AAAL)
[2025-06-05T03:03:55.704Z] [ROOM] a@a and s@s joined room a@a-s@s
[2025-06-05T03:04:36.906Z] [DISCONNECT] s@s (ID: AZzPLnrwUfJCzEk5AAAL)
[2025-06-05T03:04:54.843Z] [DISCONNECT] a@a (ID: xpYcVpiG0LpsfOLTAAAJ)
[2025-06-05T03:04:55.377Z] [CONNECT] a@a (ID: s6XSUQe0YWdnLH43AAAN)
[2025-06-05T03:04:57.425Z] [CONNECT] s@s (ID: 5pZlVfUIXQotoC_vAAAP)
[2025-06-05T03:05:01.025Z] [DISCONNECT] s@s (ID: 5pZlVfUIXQotoC_vAAAP)
[2025-06-05T03:05:01.265Z] [CONNECT] s@s (ID: LLGt5NEPtFmnrau3AAAR)
[2025-06-05T03:05:05.033Z] [ROOM] a@a and s@s joined room a@a-s@s
[2025-06-05T03:07:51.732Z] [DISCONNECT] s@s (ID: LLGt5NEPtFmnrau3AAAR)
[2025-06-05T03:11:46.392Z] [DISCONNECT] a@a (ID: s6XSUQe0YWdnLH43AAAN)
[2025-06-05T03:11:48.038Z] [CONNECT] a@a (ID: 2Y-Vf0yk4N03cDAfAAAT)
[2025-06-05T03:11:51.032Z] [MOVE] a@a in room a@a-s@s - {"from":[5,7],"to":[5,5]}
[2025-06-05T03:11:56.546Z] [CONNECT] s@s (ID: Ovu82Du93YyEHhiJAAAV)
[2025-06-05T03:12:00.560Z] [DISCONNECT] a@a (ID: 2Y-Vf0yk4N03cDAfAAAT)
[2025-06-05T03:12:00.958Z] [CONNECT] a@a (ID: eFSCL6NkA1JFop5pAAAX)
[2025-06-05T03:12:02.235Z] [DISCONNECT] s@s (ID: Ovu82Du93YyEHhiJAAAV)
[2025-06-05T03:12:02.828Z] [CONNECT] s@s (ID: uQEZyZG7mAy7RblsAAAZ)
[2025-06-05T03:12:07.693Z] [MOVE] s@s in room a@a-s@s - {"from":[5,7],"to":[5,5]}
[2025-06-05T03:12:13.751Z] [DISCONNECT] a@a (ID: eFSCL6NkA1JFop5pAAAX)
[2025-06-05T03:12:14.265Z] [CONNECT] a@a (ID: 4NeP1uvZ7-_HjNTbAAAb)
[2025-06-05T03:12:15.740Z] [DISCONNECT] a@a (ID: 4NeP1uvZ7-_HjNTbAAAb)
[2025-06-05T03:12:15.950Z] [CONNECT] a@a (ID: wC_dzjx5mMFhXYVcAAAd)
[2025-06-05T03:12:17.606Z] [DISCONNECT] s@s (ID: uQEZyZG7mAy7RblsAAAZ)
[2025-06-05T03:12:17.854Z] [CONNECT] s@s (ID: pRzq-Wmw1OZxWio6AAAf)
[2025-06-05T03:12:19.956Z] [MOVE] a@a in room a@a-s@s - {"from":[5,7],"to":[5,5]}
[2025-06-05T03:14:43.284Z] [DISCONNECT] s@s (ID: pRzq-Wmw1OZxWio6AAAf)
[2025-06-05T03:14:45.326Z] [CONNECT] a@a (ID: k7cRFBsTPn1LThUqAAAh)
[2025-06-05T03:14:48.194Z] [CONNECT] s@s (ID: 28xOOS-pnuAmLzZFAAAj)
[2025-06-05T03:14:48.719Z] [DISCONNECT] s@s (ID: 28xOOS-pnuAmLzZFAAAj)
[2025-06-05T03:14:48.955Z] [CONNECT] s@s (ID: 4cBvzU5tRIS-wbc-AAAl)
[2025-06-05T03:17:39.450Z] [DISCONNECT] s@s (ID: 4cBvzU5tRIS-wbc-AAAl)
[2025-06-05T03:18:34.636Z] [DISCONNECT] a@a (ID: k7cRFBsTPn1LThUqAAAh)
[2025-06-05T03:18:35.268Z] [CONNECT] a@a (ID: m87n9Y-B9u9LEKL6AAAn)
[2025-06-05T03:18:37.009Z] [CONNECT] s@s (ID: 0ZFHOWxg8ZL7HNY2AAAp)
[2025-06-05T03:18:38.799Z] [DISCONNECT] s@s (ID: 0ZFHOWxg8ZL7HNY2AAAp)
[2025-06-05T03:18:39.143Z] [CONNECT] s@s (ID: RrmAhRYXm0RzSGsPAAAr)
[2025-06-05T03:18:41.411Z] [DISCONNECT] a@a (ID: m87n9Y-B9u9LEKL6AAAn)
[2025-06-05T03:18:41.832Z] [CONNECT] a@a (ID: C-gB_cmonc4-SBKgAAAt)
[2025-06-05T03:18:47.316Z] [DISCONNECT] a@a (ID: C-gB_cmonc4-SBKgAAAt)
[2025-06-05T03:18:47.793Z] [CONNECT] a@a (ID: LzGkkrM9atlkn5N0AAAv)
[2025-06-05T03:18:47.870Z] [GET INVITES] a@a requested active invites
[2025-06-05T03:18:49.298Z] [ROOM] a@a and s@s joined room a@a-s@s
[2025-06-05T03:18:51.733Z] [DISCONNECT] a@a (ID: LzGkkrM9atlkn5N0AAAv)
[2025-06-05T03:18:52.016Z] [CONNECT] a@a (ID: _07BRoly6UV5CxEKAAAx)
[2025-06-05T03:19:00.952Z] [DISCONNECT] a@a (ID: _07BRoly6UV5CxEKAAAx)
[2025-06-05T03:19:01.363Z] [CONNECT] a@a (ID: 60d2He3xxqzwthHZAAAz)
[2025-06-05T03:19:05.697Z] [MOVE] a@a in room a@a-s@s - {"from":[5,7],"to":[5,5]}
[2025-06-05T03:19:10.992Z] [MOVE] s@s in room a@a-s@s - {"from":[5,7],"to":[5,5]}
[2025-06-05T03:19:15.906Z] [MOVE] a@a in room a@a-s@s - {"from":[5,2],"to":[5,4]}
[2025-06-05T03:19:26.543Z] [DISCONNECT] a@a (ID: ndblqeCFCc9Xw561AAAB)
[2025-06-05T03:19:26.927Z] [CONNECT] a@a (ID: geTg8BrMqTVNdQO_AAA1)
[2025-06-05T03:19:38.794Z] [DISCONNECT] a@a (ID: geTg8BrMqTVNdQO_AAA1)
[2025-06-05T03:19:39.019Z] [CONNECT] a@a (ID: ed9OnCmzWWt_rPJJAAA3)
[2025-06-05T03:19:39.108Z] [GET INVITES] a@a requested active invites
[2025-06-05T03:19:41.132Z] [ROOM] a@a and s@s joined room a@a-s@s
[2025-06-05T03:19:42.470Z] [DISCONNECT] a@a (ID: ed9OnCmzWWt_rPJJAAA3)
[2025-06-05T03:19:42.627Z] [CONNECT] a@a (ID: 9iRTzyvOV_GSsEOwAAA5)
[2025-06-05T03:19:53.652Z] [DISCONNECT] a@a (ID: 9iRTzyvOV_GSsEOwAAA5)
[2025-06-05T03:19:53.968Z] [CONNECT] a@a (ID: -0kMxHRU9FSM_RbDAAA7)
[2025-06-05T03:19:58.721Z] [MOVE] a@a in room a@a-s@s - {"from":[5,7],"to":[5,5]}
[2025-06-05T03:20:09.978Z] [MOVE] a@a in room a@a-s@s - {"from":[5,2],"to":[5,4]}
[2025-06-05T03:22:16.578Z] [DISCONNECT] a@a (ID: wC_dzjx5mMFhXYVcAAAd)
[2025-06-05T03:22:17.019Z] [CONNECT] a@a (ID: 00HqIhY1wj_WSAoFAAA9)
[2025-06-05T03:22:20.445Z] [DISCONNECT] s@s (ID: RrmAhRYXm0RzSGsPAAAr)
[2025-06-05T03:22:21.041Z] [CONNECT] s@s (ID: JOo4l0VLTiAr2ZC_AAA_)
[2025-06-05T03:22:28.869Z] [DISCONNECT] s@s (ID: JOo4l0VLTiAr2ZC_AAA_)
[2025-06-05T03:22:29.234Z] [CONNECT] s@s (ID: NRfXqHnQctRPzXgqAABB)
[2025-06-05T03:22:37.924Z] [DISCONNECT] s@s (ID: NRfXqHnQctRPzXgqAABB)
[2025-06-05T03:22:38.195Z] [CONNECT] s@s (ID: 2OksLsmGITwwzyVeAABD)
[2025-06-05T03:23:49.872Z] [DISCONNECT] a@a (ID: 00HqIhY1wj_WSAoFAAA9)
[2025-06-05T03:23:50.307Z] [CONNECT] a@a (ID: mVGpc2bOUGEff67EAABF)
[2025-06-05T03:23:54.439Z] [DISCONNECT] s@s (ID: 2OksLsmGITwwzyVeAABD)
[2025-06-05T03:23:54.925Z] [CONNECT] s@s (ID: IQE8Uzx5V72E5tbNAABH)
[2025-06-05T03:24:10.672Z] [DISCONNECT] a@a (ID: mVGpc2bOUGEff67EAABF)
[2025-06-05T03:24:11.049Z] [CONNECT] a@a (ID: 0QuWliZv00UYAhm9AABJ)
[2025-06-05T03:26:00.659Z] [DISCONNECT] s@s (ID: IQE8Uzx5V72E5tbNAABH)
[2025-06-05T03:26:01.075Z] [CONNECT] s@s (ID: cxD4T12mBv37pbCAAABL)
[2025-06-05T03:26:04.982Z] [DISCONNECT] a@a (ID: -0kMxHRU9FSM_RbDAAA7)
[2025-06-05T03:26:05.385Z] [CONNECT] a@a (ID: ih8yrW8P4vKFBRusAABN)
[2025-06-05T03:26:35.549Z] [DISCONNECT] a@a (ID: ih8yrW8P4vKFBRusAABN)
[2025-06-05T03:26:35.809Z] [CONNECT] a@a (ID: cJddieqjb2k5sQS_AABP)
[2025-06-05T03:26:37.193Z] [DISCONNECT] s@s (ID: cxD4T12mBv37pbCAAABL)
[2025-06-05T03:26:37.503Z] [CONNECT] s@s (ID: rD5oOo-HsJzdfRO_AABR)
[2025-06-05T03:27:01.288Z] [DISCONNECT] a@a (ID: cJddieqjb2k5sQS_AABP)
[2025-06-05T03:27:01.572Z] [CONNECT] a@a (ID: XMEYGsV3di5ylBlrAABT)
[2025-06-05T03:27:02.226Z] [DISCONNECT] s@s (ID: rD5oOo-HsJzdfRO_AABR)
[2025-06-05T03:27:02.654Z] [CONNECT] s@s (ID: XMaFP0fi_HbW58hOAABV)
[2025-06-05T03:27:48.540Z] [DISCONNECT] a@a (ID: XMEYGsV3di5ylBlrAABT)
[2025-06-05T03:27:48.765Z] [CONNECT] a@a (ID: 3UhrydAPcPfSOJq6AABX)
[2025-06-05T03:27:50.147Z] [DISCONNECT] s@s (ID: XMaFP0fi_HbW58hOAABV)
[2025-06-05T03:27:50.468Z] [CONNECT] s@s (ID: c-vVAI-BAMP21-AjAABZ)
[2025-06-05T03:28:20.106Z] [DISCONNECT] a@a (ID: 3UhrydAPcPfSOJq6AABX)
[2025-06-05T03:28:20.372Z] [CONNECT] a@a (ID: zGKNyTIw0DmHxklIAABb)
[2025-06-05T03:28:22.960Z] [DISCONNECT] s@s (ID: c-vVAI-BAMP21-AjAABZ)
[2025-06-05T03:28:23.276Z] [CONNECT] s@s (ID: 4w0pj4HGMSTSjJkjAABd)
[2025-06-05T03:28:47.505Z] [DISCONNECT] s@s (ID: 4w0pj4HGMSTSjJkjAABd)
[2025-06-05T03:28:47.848Z] [CONNECT] s@s (ID: YMxglNIH3LocMwvhAABf)
[2025-06-05T03:31:38.513Z] [DISCONNECT] s@s (ID: YMxglNIH3LocMwvhAABf)
[2025-06-05T03:33:59.566Z] [DISCONNECT] a@a (ID: zGKNyTIw0DmHxklIAABb)
[2025-06-05T03:34:00.084Z] [CONNECT] a@a (ID: 9XpxagdgfGGvMp0rAABh)
[2025-06-05T03:34:06.738Z] [CONNECT] s@s (ID: tDjXJTksXMSxeltdAABj)
[2025-06-05T03:34:07.235Z] [DISCONNECT] s@s (ID: tDjXJTksXMSxeltdAABj)
[2025-06-05T03:34:07.480Z] [CONNECT] s@s (ID: rRE_WCOa8yadWvuvAABl)
[2025-06-05T03:34:21.853Z] [DISCONNECT] s@s (ID: rRE_WCOa8yadWvuvAABl)
[2025-06-05T03:34:22.235Z] [CONNECT] s@s (ID: QRBtnAuBhfQcXJgTAABn)
[2025-06-05T03:34:26.143Z] [DISCONNECT] a@a (ID: 9XpxagdgfGGvMp0rAABh)
[2025-06-05T03:34:26.456Z] [CONNECT] a@a (ID: tjHpdMU1OmVugRTnAABp)
[2025-06-05T03:34:31.100Z] [DISCONNECT] a@a (ID: tjHpdMU1OmVugRTnAABp)
[2025-06-05T03:34:31.242Z] [CONNECT] a@a (ID: pQDIKIuwCcQarZffAABr)
[2025-06-05T03:34:40.593Z] [ROOM] s@s and a@a joined room s@s-a@a
[2025-06-05T03:35:01.571Z] [DISCONNECT] a@a (ID: pQDIKIuwCcQarZffAABr)
[2025-06-05T03:35:01.855Z] [CONNECT] a@a (ID: bcP7QKFzheGizvmPAABt)
[2025-06-05T03:35:01.940Z] [GET INVITES] a@a requested active invites
[2025-06-05T03:35:26.765Z] [DISCONNECT] a@a (ID: bcP7QKFzheGizvmPAABt)
[2025-06-05T03:35:27.067Z] [CONNECT] a@a (ID: IwPEmvA-qBTG08cnAABv)
[2025-06-05T03:35:27.286Z] [GET INVITES] a@a requested active invites
[2025-06-05T03:35:28.610Z] [ROOM] a@a and s@s joined room a@a-s@s
[2025-06-05T03:35:31.525Z] [DISCONNECT] a@a (ID: IwPEmvA-qBTG08cnAABv)
[2025-06-05T03:35:31.712Z] [CONNECT] a@a (ID: uMXPWkEp-fGVP899AABx)
[2025-06-05T03:35:33.481Z] [DISCONNECT] s@s (ID: QRBtnAuBhfQcXJgTAABn)
[2025-06-05T03:35:33.894Z] [CONNECT] s@s (ID: 5FDrLXyo5wMiPsgMAABz)
[2025-06-05T03:36:30.929Z] [DISCONNECT] a@a (ID: uMXPWkEp-fGVP899AABx)
[2025-06-05T03:36:31.332Z] [CONNECT] a@a (ID: V_TiS2i0FS2Hn-VrAAB1)
[2025-06-05T03:37:59.224Z] [DISCONNECT] s@s (ID: 5FDrLXyo5wMiPsgMAABz)
[2025-06-05T03:42:52.456Z] [START] Secure Socket.IO server running on port 3001
[2025-06-05T03:42:52.793Z] [CONNECT] a@a (ID: sL-8jOBASbj4siSXAAAB)
[2025-06-05T03:42:55.319Z] [CONNECT] a@a (ID: B1NcgO4bY_iQ56cRAAAD)
[2025-06-05T03:42:56.646Z] [CONNECT] a@a (ID: 335hPA-OHKgW4AIFAAAF)
[2025-06-05T03:43:00.213Z] [DISCONNECT] a@a (ID: 335hPA-OHKgW4AIFAAAF)
[2025-06-05T03:43:00.461Z] [CONNECT] a@a (ID: 4DzRmixE9tLqz0HAAAAH)
[2025-06-05T03:43:06.696Z] [CONNECT] s@s (ID: nu8junnhcqvUjJCeAAAJ)
[2025-06-05T03:43:23.976Z] [DISCONNECT] s@s (ID: nu8junnhcqvUjJCeAAAJ)
[2025-06-05T03:43:25.082Z] [DISCONNECT] a@a (ID: 4DzRmixE9tLqz0HAAAAH)
[2025-06-05T03:43:30.779Z] [CONNECT] a@a (ID: 7Rz0AWOj0IkHK27uAAAL)
[2025-06-05T03:43:33.516Z] [CONNECT] s@s (ID: 26spB2NStYJ-9yZXAAAN)
[2025-06-05T03:43:40.024Z] [ROOM] s@s and a@a joined room s@s-a@a
[2025-06-05T03:44:01.022Z] [DISCONNECT] a@a (ID: 7Rz0AWOj0IkHK27uAAAL)
[2025-06-05T03:44:01.297Z] [CONNECT] a@a (ID: _YIm46dF9OjOqg1CAAAP)
[2025-06-05T03:44:08.994Z] [DISCONNECT] s@s (ID: 26spB2NStYJ-9yZXAAAN)
[2025-06-05T03:44:09.230Z] [CONNECT] s@s (ID: dbPPScGeIiyr1DwpAAAR)
[2025-06-05T03:45:18.948Z] [DISCONNECT] a@a (ID: _YIm46dF9OjOqg1CAAAP)
[2025-06-05T03:45:19.375Z] [CONNECT] a@a (ID: TZBENcf2b4GpFLgDAAAT)
[2025-06-05T03:45:23.243Z] [DISCONNECT] s@s (ID: dbPPScGeIiyr1DwpAAAR)
[2025-06-05T03:45:23.656Z] [CONNECT] s@s (ID: FYdgXibLuGjLZu6NAAAV)
[2025-06-05T03:45:27.687Z] [DISCONNECT] s@s (ID: FYdgXibLuGjLZu6NAAAV)
[2025-06-05T03:45:27.869Z] [CONNECT] s@s (ID: kss1xNdlIgO5QWNAAAAX)
[2025-06-05T03:46:01.068Z] [DISCONNECT] a@a (ID: TZBENcf2b4GpFLgDAAAT)
[2025-06-05T03:46:01.434Z] [CONNECT] a@a (ID: oqhOvvKldcyQqjC3AAAZ)
[2025-06-05T03:46:04.248Z] [DISCONNECT] s@s (ID: kss1xNdlIgO5QWNAAAAX)
[2025-06-05T03:46:04.762Z] [CONNECT] s@s (ID: Wd08yzmGV3kV9ylEAAAb)
[2025-06-05T03:46:17.695Z] [DISCONNECT] s@s (ID: Wd08yzmGV3kV9ylEAAAb)
[2025-06-05T03:46:22.762Z] [CONNECT] s@s (ID: 2cnE7jq6U4CLXNoyAAAd)
[2025-06-05T03:46:27.230Z] [DISCONNECT] s@s (ID: 2cnE7jq6U4CLXNoyAAAd)
[2025-06-05T03:46:27.496Z] [CONNECT] s@s (ID: 0EPq9EZn8XUCI5T_AAAf)
[2025-06-05T03:46:34.555Z] [DISCONNECT] a@a (ID: oqhOvvKldcyQqjC3AAAZ)
[2025-06-05T03:46:34.909Z] [CONNECT] a@a (ID: a0rBVqqGCZHCv_cAAAAh)
[2025-06-05T03:46:43.134Z] [DISCONNECT] s@s (ID: 0EPq9EZn8XUCI5T_AAAf)
[2025-06-05T03:46:43.553Z] [CONNECT] s@s (ID: 28Acf33AtXb5KJNqAAAj)
[2025-06-05T03:46:43.674Z] [GET INVITES] s@s requested active invites
[2025-06-05T03:46:45.014Z] [DISCONNECT] s@s (ID: 28Acf33AtXb5KJNqAAAj)
[2025-06-05T03:46:45.195Z] [CONNECT] s@s (ID: P1ABa-fZ0UvAxxBSAAAl)
[2025-06-05T03:46:45.239Z] [GET INVITES] s@s requested active invites
[2025-06-05T03:46:46.424Z] [ROOM] s@s and a@a joined room s@s-a@a
[2025-06-05T03:46:49.572Z] [DISCONNECT] s@s (ID: P1ABa-fZ0UvAxxBSAAAl)
[2025-06-05T03:46:49.690Z] [CONNECT] s@s (ID: _QBHVA2_lYYOtUswAAAn)
[2025-06-05T03:47:05.585Z] [DISCONNECT] s@s (ID: _QBHVA2_lYYOtUswAAAn)
[2025-06-05T03:47:06.042Z] [CONNECT] s@s (ID: OCj9njw1GFmpOcA-AAAp)
[2025-06-05T03:47:58.347Z] [DISCONNECT] s@s (ID: OCj9njw1GFmpOcA-AAAp)
[2025-06-05T03:47:58.609Z] [CONNECT] s@s (ID: 0qukrBM4Gxjxu2drAAAr)
[2025-06-05T03:48:01.760Z] [DISCONNECT] s@s (ID: 0qukrBM4Gxjxu2drAAAr)
[2025-06-05T03:48:01.854Z] [CONNECT] s@s (ID: pidz7Cuj-dQyPd-vAAAt)
[2025-06-05T03:48:01.904Z] [GET INVITES] s@s requested active invites
[2025-06-05T03:48:02.956Z] [DISCONNECT] s@s (ID: pidz7Cuj-dQyPd-vAAAt)
[2025-06-05T03:48:03.120Z] [CONNECT] s@s (ID: 6vUL_RTNgtrND2J7AAAv)
[2025-06-05T03:48:03.220Z] [GET INVITES] s@s requested active invites
[2025-06-05T03:48:04.322Z] [ROOM] s@s and a@a joined room s@s-a@a
[2025-06-05T03:48:07.588Z] [ROOM] s@s and a@a joined room s@s-a@a
[2025-06-05T03:48:13.597Z] [DISCONNECT] a@a (ID: a0rBVqqGCZHCv_cAAAAh)
[2025-06-05T03:48:13.982Z] [CONNECT] a@a (ID: Ee0z4rtZQk5edc6BAAAx)
[2025-06-05T03:48:14.065Z] [GET INVITES] a@a requested active invites
[2025-06-05T03:48:18.886Z] [ROOM] s@s and a@a joined room s@s-a@a
[2025-06-05T03:48:22.009Z] [DISCONNECT] a@a (ID: Ee0z4rtZQk5edc6BAAAx)
[2025-06-05T03:48:22.326Z] [CONNECT] a@a (ID: 5v4hkxMWf08_hKCsAAAz)
[2025-06-05T03:48:22.415Z] [GET INVITES] a@a requested active invites
[2025-06-05T03:48:24.241Z] [DISCONNECT] s@s (ID: 6vUL_RTNgtrND2J7AAAv)
[2025-06-05T03:48:24.758Z] [CONNECT] s@s (ID: dJNtf1wNp-bbgcizAAA1)
[2025-06-05T03:48:24.963Z] [GET INVITES] s@s requested active invites
[2025-06-05T03:48:25.916Z] [ROOM] s@s and a@a joined room s@s-a@a
[2025-06-05T03:48:29.771Z] [DISCONNECT] s@s (ID: dJNtf1wNp-bbgcizAAA1)
[2025-06-05T03:48:29.909Z] [CONNECT] s@s (ID: CXL-twdH4_VzlamzAAA3)
[2025-06-05T03:48:35.103Z] [DISCONNECT] a@a (ID: 5v4hkxMWf08_hKCsAAAz)
[2025-06-05T03:48:35.594Z] [CONNECT] a@a (ID: bikTJp57tFeF7i6wAAA5)
[2025-06-05T03:48:35.760Z] [GET INVITES] a@a requested active invites
[2025-06-05T03:48:36.899Z] [ROOM] a@a and s@s joined room a@a-s@s
[2025-06-05T03:49:41.831Z] [DISCONNECT] a@a (ID: bikTJp57tFeF7i6wAAA5)
[2025-06-05T03:49:42.203Z] [CONNECT] a@a (ID: H_BN80rQQgfjNtNCAAA7)
[2025-06-05T03:49:42.314Z] [GET INVITES] a@a requested active invites
[2025-06-05T03:49:43.964Z] [ROOM] a@a and s@s joined room a@a-s@s
[2025-06-05T03:50:18.317Z] [DISCONNECT] a@a (ID: H_BN80rQQgfjNtNCAAA7)
[2025-06-05T03:50:18.578Z] [CONNECT] a@a (ID: pbftmT-xSLd0rVhvAAA9)
[2025-06-05T03:50:18.663Z] [GET INVITES] a@a requested active invites
[2025-06-05T03:50:29.458Z] [ROOM] a@a and s@s joined room a@a-s@s
[2025-06-05T03:50:55.318Z] [DISCONNECT] s@s (ID: CXL-twdH4_VzlamzAAA3)
[2025-06-05T03:56:48.235Z] [CONNECT] s@s (ID: l6jfVl3CW1ucXY8qAAA_)
[2025-06-05T03:57:04.303Z] [DISCONNECT] a@a (ID: pbftmT-xSLd0rVhvAAA9)
[2025-06-05T03:57:04.686Z] [CONNECT] a@a (ID: oNujwebat6stWQeuAABB)
[2025-06-05T03:57:16.527Z] [DISCONNECT] a@a (ID: oNujwebat6stWQeuAABB)
[2025-06-05T03:57:16.792Z] [CONNECT] a@a (ID: No77bCtFQsg8rxIqAABD)
[2025-06-05T03:57:18.578Z] [DISCONNECT] a@a (ID: No77bCtFQsg8rxIqAABD)
[2025-06-05T03:57:18.698Z] [CONNECT] a@a (ID: Zest_7j8aQwNPSijAABF)
[2025-06-05T03:57:18.747Z] [GET INVITES] a@a requested active invites
[2025-06-05T03:57:19.861Z] [ROOM] a@a and s@s joined room a@a-s@s
[2025-06-05T03:57:26.726Z] [DISCONNECT] a@a (ID: Zest_7j8aQwNPSijAABF)
[2025-06-05T03:57:27.118Z] [CONNECT] a@a (ID: yBpp5Ba5Yx7DIVFXAABH)
[2025-06-05T03:57:41.335Z] [DISCONNECT] a@a (ID: yBpp5Ba5Yx7DIVFXAABH)
[2025-06-05T03:57:41.575Z] [CONNECT] a@a (ID: Sy-JMDIEYqkE8fIcAABJ)
[2025-06-05T03:57:45.716Z] [DISCONNECT] s@s (ID: l6jfVl3CW1ucXY8qAAA_)
[2025-06-05T03:57:46.039Z] [CONNECT] s@s (ID: r_owL0a93JokZ2-GAABL)
[2025-06-05T04:00:11.488Z] [DISCONNECT] s@s (ID: r_owL0a93JokZ2-GAABL)
[2025-06-05T04:01:32.614Z] [START] Secure Socket.IO server running on port 3001
[2025-06-05T04:01:32.969Z] [CONNECT] a@a (-DJXoBCv1LUZNO1PAAAB) connected
[2025-06-05T04:01:37.405Z] [CONNECT] a@a (6X4pOjXtBSLPW3UhAAAE) connected
[2025-06-05T04:01:37.451Z] [CONNECT] a@a (YmevNJ7LkBsQmPLPAAAF) connected
[2025-06-05T04:01:38.730Z] [DISCONNECT] a@a
[2025-06-05T04:01:38.991Z] [CONNECT] a@a (epQ7qkOyZwBZhiYcAAAH) connected
[2025-06-05T04:01:43.883Z] [CONNECT] s@s (jGtFAM5PP2VI6vg4AAAJ) connected
[2025-06-05T04:03:10.381Z] [DISCONNECT] s@s
[2025-06-05T04:03:10.756Z] [CONNECT] s@s (W9PlqbQfxX-HFu2hAAAL) connected
[2025-06-05T04:03:40.926Z] [DISCONNECT] s@s
[2025-06-05T04:03:41.272Z] [CONNECT] s@s (o6DRYzcXUsG26sylAAAN) connected
[2025-06-05T04:03:46.584Z] [DISCONNECT] a@a
[2025-06-05T04:03:47.121Z] [CONNECT] a@a (XzEyamgimkSd0eqOAAAP) connected
[2025-06-05T04:04:17.361Z] [DISCONNECT] s@s
[2025-06-05T04:04:17.605Z] [CONNECT] s@s (AGy9ImHiO2QJE0UzAAAR) connected
[2025-06-05T04:05:30.204Z] [DISCONNECT] a@a
[2025-06-05T04:05:30.569Z] [CONNECT] a@a (EyCC-CYYUFDCVQlzAAAT) connected
[2025-06-05T04:05:37.124Z] [DISCONNECT] a@a
[2025-06-05T04:05:37.352Z] [CONNECT] a@a (MhjPt0zIWhZ02cCpAAAV) connected
[2025-06-05T04:05:39.442Z] [DISCONNECT] a@a
[2025-06-05T04:05:45.522Z] [CONNECT] a@a (8nthmoiH220Y6Es3AAAX) connected
[2025-06-05T04:06:00.044Z] [DISCONNECT] s@s
[2025-06-05T04:06:08.584Z] [CONNECT] s@s (e74lSajxLqQnR9N-AAAZ) connected
[2025-06-05T04:06:09.932Z] [DISCONNECT] s@s
[2025-06-05T04:06:11.876Z] [CONNECT] s@s (iddfCWlmPHa-mZnsAAAb) connected
[2025-06-05T04:08:28.837Z] [DISCONNECT] s@s
[2025-06-05T04:08:28.968Z] [CONNECT] s@s (cCNyDwHMFd9UxY35AAAd) connected
[2025-06-05T04:10:10.926Z] [DISCONNECT] a@a
[2025-06-05T04:10:12.544Z] [CONNECT] a@a (z_8lTezwXZcfbzucAAAf) connected
[2025-06-05T04:10:13.781Z] [DISCONNECT] a@a
[2025-06-05T04:10:28.580Z] [DISCONNECT] s@s
[2025-06-05T04:10:36.621Z] [CONNECT] s@s (xMqp49LEusoBMRAtAAAh) connected
[2025-06-05T04:10:38.135Z] [DISCONNECT] s@s
[2025-06-05T04:10:48.766Z] [CONNECT] s@s (7LsuLBaotey0WbC4AAAj) connected
[2025-06-05T04:10:50.045Z] [DISCONNECT] s@s
[2025-06-05T04:15:11.785Z] [CONNECT] a@a (9-As7E3OeG7kHFJ5AAAl) connected
[2025-06-05T04:15:31.632Z] [DISCONNECT] a@a
[2025-06-05T04:16:32.403Z] [DISCONNECT] a@a
[2025-06-05T04:16:33.132Z] [CONNECT] a@a (6tmAu9GHIV3wq7hfAAAn) connected
[2025-06-05T04:18:43.205Z] [CONNECT] a@a (Tk0a2ysnA6YI8IxXAAAp) connected
[2025-06-05T04:18:44.292Z] [DISCONNECT] a@a
[2025-06-05T04:19:00.318Z] [CONNECT] a@a (Iy9VeEq3cLx_5KErAAAr) connected
[2025-06-05T04:21:35.607Z] [DISCONNECT] a@a
[2025-06-05T04:21:38.510Z] [CONNECT] a@a (USk_grzNFjUn7H46AAAt) connected
[2025-06-05T04:21:53.371Z] [CONNECT] s@s (xJrwQ9roTjLZvv83AAAv) connected
[2025-06-05T04:21:54.103Z] [DISCONNECT] s@s
[2025-06-05T04:21:56.343Z] [CONNECT] s@s (dSBTdr9hrutIyxvsAAAx) connected
[2025-06-05T04:22:04.150Z] [INVITE] a@a invited s@s
[2025-06-05T04:22:05.211Z] [ROOM] s@s and a@a joined room a@a-s@s
[2025-06-05T04:26:27.234Z] [DISCONNECT] s@s
[2025-06-05T04:31:44.865Z] [CONNECT] s@s (q8VbcgOvvVwj_6fEAAAz) connected
[2025-06-05T04:32:29.821Z] [DISCONNECT] s@s
[2025-06-05T04:33:37.559Z] [CONNECT] s@s (nBHoj6W1dS6iQAfKAAA1) connected
